19:50:38.205 [main] INFO  i.g.c.config.GatlingConfiguration$ - Gatling will try to load 'gatling.conf' config file as ClassLoader resource.
19:50:38.658 [GatlingSystem-akka.actor.default-dispatcher-5] INFO  akka.event.slf4j.Slf4jLogger - Slf4jLogger started
19:50:41.046 [main] DEBUG com.intuit.karate.Suite - [config] classpath:karate-config.js
19:50:42.222 [main] INFO  com.intuit.karate - karate.env system property was: null 
19:50:42.505 [main] DEBUG com.intuit.karate - request:
1 > POST https://conduit-api.bondaracademy.com/api/users/login
1 > Content-Type: application/json; charset=UTF-8
1 > Content-Length: 73
1 > Host: conduit-api.bondaracademy.com
1 > Connection: Keep-Alive
1 > User-Agent: Apache-HttpClient/4.5.14 (Java/17.0.10)
1 > Accept-Encoding: gzip,deflate
{"user":{"email":"mootezbenabdallah96@gmail.com","password":"karate123"}}

19:50:43.048 [main] DEBUG com.intuit.karate - response time in milliseconds: 539
1 < 200
1 < x-powered-by: Express
1 < access-control-allow-origin: https://conduit.bondaracademy.com
1 < vary: Origin
1 < content-type: application/json; charset=utf-8
1 < etag: W/"143-hdeNHAuj1ilTO48tP4bYdYf8w+o"
1 < X-Cloud-Trace-Context: a8c0320cf79734beb431a4c19e802c47;o=1
1 < Date: Thu, 05 Sep 2024 18:50:37 GMT
1 < Server: Google Frontend
1 < Content-Length: 323
{"user":{"email":"mootezbenabdallah96@gmail.com","username":"test karate","bio":null,"image":"https://conduit-api.bondaracademy.com/images/smiley-cyrus.jpeg","token":"eyJhbGciOiJIUzI1NiIsInR5cCI6IkpXVCJ9.eyJ1c2VyIjp7ImlkIjo3NjM0fSwiaWF0IjoxNzI1NTYyMjM3LCJleHAiOjE3MzA3NDYyMzd9.osioiGK8KOl6ETwjn02NPMdP5KDQDjeZ1Vmb46v6nCo"}}

19:50:43.067 [main] DEBUG com.intuit.karate.Suite - [config] classpath:karate-config.js
19:50:43.074 [main] INFO  com.intuit.karate - karate.env system property was: null 
19:50:43.080 [main] DEBUG com.intuit.karate - request:
1 > POST https://conduit-api.bondaracademy.com/api/users/login
1 > Content-Type: application/json; charset=UTF-8
1 > Content-Length: 73
1 > Host: conduit-api.bondaracademy.com
1 > Connection: Keep-Alive
1 > User-Agent: Apache-HttpClient/4.5.14 (Java/17.0.10)
1 > Accept-Encoding: gzip,deflate
{"user":{"email":"mootezbenabdallah96@gmail.com","password":"karate123"}}

19:50:43.530 [main] DEBUG com.intuit.karate - response time in milliseconds: 448
1 < 200
1 < x-powered-by: Express
1 < access-control-allow-origin: https://conduit.bondaracademy.com
1 < vary: Origin
1 < content-type: application/json; charset=utf-8
1 < etag: W/"143-hdeNHAuj1ilTO48tP4bYdYf8w+o"
1 < X-Cloud-Trace-Context: 1454deda2f32e74991e98ab02a65fae0
1 < Date: Thu, 05 Sep 2024 18:50:37 GMT
1 < Server: Google Frontend
1 < Content-Length: 323
{"user":{"email":"mootezbenabdallah96@gmail.com","username":"test karate","bio":null,"image":"https://conduit-api.bondaracademy.com/images/smiley-cyrus.jpeg","token":"eyJhbGciOiJIUzI1NiIsInR5cCI6IkpXVCJ9.eyJ1c2VyIjp7ImlkIjo3NjM0fSwiaWF0IjoxNzI1NTYyMjM3LCJleHAiOjE3MzA3NDYyMzd9.osioiGK8KOl6ETwjn02NPMdP5KDQDjeZ1Vmb46v6nCo"}}

19:50:43.541 [main] DEBUG com.intuit.karate.Suite - [config] classpath:karate-config.js
19:50:43.546 [main] INFO  com.intuit.karate - karate.env system property was: null 
19:50:43.550 [main] DEBUG com.intuit.karate - request:
1 > POST https://conduit-api.bondaracademy.com/api/users/login
1 > Content-Type: application/json; charset=UTF-8
1 > Content-Length: 73
1 > Host: conduit-api.bondaracademy.com
1 > Connection: Keep-Alive
1 > User-Agent: Apache-HttpClient/4.5.14 (Java/17.0.10)
1 > Accept-Encoding: gzip,deflate
{"user":{"email":"mootezbenabdallah96@gmail.com","password":"karate123"}}

19:50:43.992 [main] DEBUG com.intuit.karate - response time in milliseconds: 439
1 < 200
1 < x-powered-by: Express
1 < access-control-allow-origin: https://conduit.bondaracademy.com
1 < vary: Origin
1 < content-type: application/json; charset=utf-8
1 < etag: W/"143-t1XM7Vj5UkXpeCo4LDSctWjtP2g"
1 < X-Cloud-Trace-Context: 30f81738eae51abb2927e45f43b30a2e
1 < Date: Thu, 05 Sep 2024 18:50:38 GMT
1 < Server: Google Frontend
1 < Content-Length: 323
{"user":{"email":"mootezbenabdallah96@gmail.com","username":"test karate","bio":null,"image":"https://conduit-api.bondaracademy.com/images/smiley-cyrus.jpeg","token":"eyJhbGciOiJIUzI1NiIsInR5cCI6IkpXVCJ9.eyJ1c2VyIjp7ImlkIjo3NjM0fSwiaWF0IjoxNzI1NTYyMjM4LCJleHAiOjE3MzA3NDYyMzh9.3Vecpyzkt_4J6kVtBh_TWmvBCBVFaBY17vuhV02md9U"}}

19:50:44.200 [GatlingSystem-akka.actor.default-dispatcher-5] INFO  i.g.c.stats.writer.ConsoleDataWriter - Initializing
19:50:44.200 [GatlingSystem-akka.actor.default-dispatcher-7] INFO  i.g.c.stats.writer.LogFileDataWriter - Initializing
19:50:44.212 [GatlingSystem-akka.actor.default-dispatcher-7] INFO  i.g.c.stats.writer.LogFileDataWriter - Initialized
19:50:44.213 [GatlingSystem-akka.actor.default-dispatcher-5] INFO  i.g.c.stats.writer.ConsoleDataWriter - Initialized
19:50:48.247 [GatlingSystem-akka.actor.default-dispatcher-9] INFO  i.g.c.c.inject.open.OpenWorkload - Scenario io.gatling.core.scenario.Scenario@20191246 has finished injecting
19:50:48.248 [GatlingSystem-akka.actor.default-dispatcher-9] INFO  i.g.core.controller.inject.Injector - All scenarios have finished injecting
19:50:48.289 [gatling-1-2] DEBUG com.intuit.karate.Suite - [config] classpath:karate-config.js
19:50:48.289 [gatling-1-1] DEBUG com.intuit.karate.Suite - [config] classpath:karate-config.js
19:50:48.289 [gatling-1-3] DEBUG com.intuit.karate.Suite - [config] classpath:karate-config.js
19:50:48.337 [GatlingSystem-akka.actor.default-dispatcher-6] INFO  com.intuit.karate - karate.env system property was: null 
19:50:48.337 [GatlingSystem-akka.actor.default-dispatcher-7] INFO  com.intuit.karate - karate.env system property was: null 
19:50:48.337 [GatlingSystem-akka.actor.default-dispatcher-9] INFO  com.intuit.karate - karate.env system property was: null 
19:50:48.511 [GatlingSystem-akka.actor.default-dispatcher-6] DEBUG com.intuit.karate - request:
1 > POST https://conduit-api.bondaracademy.com/api/articles
1 > Authorization: Token eyJhbGciOiJIUzI1NiIsInR5cCI6IkpXVCJ9.eyJ1c2VyIjp7ImlkIjo3NjM0fSwiaWF0IjoxNzI1NTYyMjM3LCJleHAiOjE3MzA3NDYyMzd9.osioiGK8KOl6ETwjn02NPMdP5KDQDjeZ1Vmb46v6nCo
1 > Content-Type: application/json; charset=UTF-8
1 > Content-Length: 188
1 > Host: conduit-api.bondaracademy.com
1 > Connection: Keep-Alive
1 > User-Agent: Apache-HttpClient/4.5.14 (Java/17.0.10)
1 > Accept-Encoding: gzip,deflate
{"article":{"title":null,"description":null,"body":"Never forget who you are. The rest of the world won't. Wear it like an armor and it can never be used against you.","tagList":["tag1"]}}

19:50:48.511 [GatlingSystem-akka.actor.default-dispatcher-9] DEBUG com.intuit.karate - request:
1 > POST https://conduit-api.bondaracademy.com/api/articles
1 > Authorization: Token eyJhbGciOiJIUzI1NiIsInR5cCI6IkpXVCJ9.eyJ1c2VyIjp7ImlkIjo3NjM0fSwiaWF0IjoxNzI1NTYyMjM3LCJleHAiOjE3MzA3NDYyMzd9.osioiGK8KOl6ETwjn02NPMdP5KDQDjeZ1Vmb46v6nCo
1 > Content-Type: application/json; charset=UTF-8
1 > Content-Length: 101
1 > Host: conduit-api.bondaracademy.com
1 > Connection: Keep-Alive
1 > User-Agent: Apache-HttpClient/4.5.14 (Java/17.0.10)
1 > Accept-Encoding: gzip,deflate
{"article":{"title":null,"description":null,"body":"Laughter is poison to fear.","tagList":["tag1"]}}

19:50:48.511 [GatlingSystem-akka.actor.default-dispatcher-7] DEBUG com.intuit.karate - request:
1 > POST https://conduit-api.bondaracademy.com/api/articles
1 > Authorization: Token eyJhbGciOiJIUzI1NiIsInR5cCI6IkpXVCJ9.eyJ1c2VyIjp7ImlkIjo3NjM0fSwiaWF0IjoxNzI1NTYyMjM4LCJleHAiOjE3MzA3NDYyMzh9.3Vecpyzkt_4J6kVtBh_TWmvBCBVFaBY17vuhV02md9U
1 > Content-Type: application/json; charset=UTF-8
1 > Content-Length: 106
1 > Host: conduit-api.bondaracademy.com
1 > Connection: Keep-Alive
1 > User-Agent: Apache-HttpClient/4.5.14 (Java/17.0.10)
1 > Accept-Encoding: gzip,deflate
{"article":{"title":null,"description":null,"body":"Every flight begins with a fall.","tagList":["tag1"]}}

19:50:48.840 [GatlingSystem-akka.actor.default-dispatcher-9] DEBUG com.intuit.karate - response time in milliseconds: 327
1 < 422
1 < x-powered-by: Express
1 < access-control-allow-origin: https://conduit.bondaracademy.com
1 < vary: Origin
1 < content-type: application/json; charset=utf-8
1 < etag: W/"27-lTYWy9kk/dQU6fyNcbhEI8ZBt7I"
1 < X-Cloud-Trace-Context: 2276e0004910936f366d9db3f37715aa
1 < Date: Thu, 05 Sep 2024 18:50:43 GMT
1 < Server: Google Frontend
1 < Content-Length: 39
{"errors":{"title":["can't be blank"]}}

19:50:48.850 [GatlingSystem-akka.actor.default-dispatcher-6] DEBUG com.intuit.karate - response time in milliseconds: 336
1 < 422
1 < x-powered-by: Express
1 < access-control-allow-origin: https://conduit.bondaracademy.com
1 < vary: Origin
1 < content-type: application/json; charset=utf-8
1 < etag: W/"27-lTYWy9kk/dQU6fyNcbhEI8ZBt7I"
1 < X-Cloud-Trace-Context: 6215d33a14dec07278b8e7aa2180e7e8
1 < Date: Thu, 05 Sep 2024 18:50:43 GMT
1 < Server: Google Frontend
1 < Content-Length: 39
{"errors":{"title":["can't be blank"]}}

19:50:48.855 [GatlingSystem-akka.actor.default-dispatcher-6] ERROR com.intuit.karate - classpath:karateTestApi/performance/CreateArticle.feature:22
Then status 201
status code was: 422, expected: 201, response time in milliseconds: 336, url: https://conduit-api.bondaracademy.com/api/articles, response: 
{"errors":{"title":["can't be blank"]}}
classpath:karateTestApi/performance/CreateArticle.feature:22
19:50:48.855 [GatlingSystem-akka.actor.default-dispatcher-9] ERROR com.intuit.karate - classpath:karateTestApi/performance/CreateArticle.feature:22
Then status 201
status code was: 422, expected: 201, response time in milliseconds: 327, url: https://conduit-api.bondaracademy.com/api/articles, response: 
{"errors":{"title":["can't be blank"]}}
classpath:karateTestApi/performance/CreateArticle.feature:22
19:50:48.875 [GatlingSystem-akka.actor.default-dispatcher-7] DEBUG com.intuit.karate - response time in milliseconds: 362
1 < 422
1 < x-powered-by: Express
1 < access-control-allow-origin: https://conduit.bondaracademy.com
1 < vary: Origin
1 < content-type: application/json; charset=utf-8
1 < etag: W/"27-lTYWy9kk/dQU6fyNcbhEI8ZBt7I"
1 < X-Cloud-Trace-Context: f16d5bf208c4e245b8095aa97d9c2da8
1 < Date: Thu, 05 Sep 2024 18:50:43 GMT
1 < Server: Google Frontend
1 < Content-Length: 39
{"errors":{"title":["can't be blank"]}}

19:50:48.876 [GatlingSystem-akka.actor.default-dispatcher-7] ERROR com.intuit.karate - classpath:karateTestApi/performance/CreateArticle.feature:22
Then status 201
status code was: 422, expected: 201, response time in milliseconds: 362, url: https://conduit-api.bondaracademy.com/api/articles, response: 
{"errors":{"title":["can't be blank"]}}
classpath:karateTestApi/performance/CreateArticle.feature:22
19:50:48.878 [GatlingSystem-akka.actor.default-dispatcher-7] INFO  i.g.core.controller.inject.Injector - All users of scenario create are stopped
19:50:48.879 [GatlingSystem-akka.actor.default-dispatcher-7] INFO  i.g.core.controller.inject.Injector - Stopping
19:50:48.881 [GatlingSystem-akka.actor.default-dispatcher-6] INFO  i.gatling.core.controller.Controller - Injector has stopped, initiating graceful stop
19:50:48.935 [GatlingSystem-akka.actor.default-dispatcher-8] INFO  akka.actor.CoordinatedShutdown - Running CoordinatedShutdown with reason [ActorSystemTerminateReason]
19:50:48.967 [main] INFO  i.g.charts.stats.LogFileReader$ - Collected List(D:\Karate-Project\karate\target\gatling\perftest-20240905185044147\simulation.log) from perftest-20240905185044147
19:50:48.982 [main] INFO  i.gatling.charts.stats.LogFileReader - First pass
19:50:48.988 [main] INFO  i.gatling.charts.stats.LogFileReader - First pass done: read 10 lines
19:50:49.000 [main] INFO  i.gatling.charts.stats.LogFileReader - Second pass
19:50:49.036 [main] INFO  i.gatling.charts.stats.LogFileReader - Second pass: read 10 lines
